<?xml version="1.0" encoding="UTF-8"?>
<!-- Generated by org.testng.reporters.JUnitXMLReporter -->
<testsuite hostname="LAPTOP-IS3DCPF8" ignored="2" name="titles of the each modules" tests="2" failures="0" timestamp="2022-08-18T06:02:43 IST" time="36.533" errors="0">
  <testcase name="title" time="8.344" classname="com.actitime.testscript.TaskPageTitle"/>
  <testcase name="title" time="3.163" classname="com.actitime.testscript.HomePageTitle"/>
  <testcase name="@AfterTest closeBrowser" time="0.0" classname="com.actitime.generic.BaseClass">
    <ignored/>
  </testcase> <!-- @AfterTest closeBrowser -->
  <testcase name="@BeforeTest openBrowser" time="0.0" classname="com.actitime.generic.BaseClass">
    <ignored/>
  </testcase> <!-- @BeforeTest openBrowser -->
</testsuite> <!-- titles of the each modules -->
